<?xml version="1.0" encoding="UTF-8"?>
<testsuite name="com.geektrust.backend.Commands.CommandInvokerTest" tests="2" skipped="0" failures="0" errors="0" timestamp="2023-04-28T18:30:56" hostname="IN-PF2N9NY5" time="0.015">
  <properties/>
  <testcase name="testGet()" classname="com.geektrust.backend.Commands.CommandInvokerTest" time="0.013"/>
  <testcase name="testRegister()" classname="com.geektrust.backend.Commands.CommandInvokerTest" time="0.001"/>
  <system-out><![CDATA[]]></system-out>
  <system-err><![CDATA[]]></system-err>
</testsuite>
