<?xml version="1.0" encoding="UTF-8"?>
<testsuite name="com.geektrust.backend.services.MetroStationServiceTest" tests="1" skipped="0" failures="0" errors="0" timestamp="2023-04-23T15:00:41" hostname="IN-PF2N9NY5" time="1.358">
  <properties/>
  <testcase name="should_ReturnFalse_IfPassengerTravelsForFirstTime()" classname="com.geektrust.backend.services.MetroStationServiceTest" time="1.358"/>
  <system-out><![CDATA[]]></system-out>
  <system-err><![CDATA[]]></system-err>
</testsuite>
