<?xml version="1.0" encoding="UTF-8"?>
<testsuite name="com.geektrust.backend.entities.MetroStationTest" tests="2" skipped="0" failures="0" errors="0" timestamp="2023-04-28T18:30:56" hostname="IN-PF2N9NY5" time="0.016">
  <properties/>
  <testcase name="testGetPassengersTravelledSummaryIfPassengersPresent()" classname="com.geektrust.backend.entities.MetroStationTest" time="0.014"/>
  <testcase name="testGetPassengersTravelledSummaryIfPassengersNotPresent()" classname="com.geektrust.backend.entities.MetroStationTest" time="0.001"/>
  <system-out><![CDATA[]]></system-out>
  <system-err><![CDATA[]]></system-err>
</testsuite>
