<?xml version="1.0" encoding="UTF-8"?>
<testsuite name="com.geektrust.backend.Utils.DiscountCalculatorTest" tests="2" skipped="0" failures="0" errors="0" timestamp="2023-04-28T18:30:56" hostname="IN-PF2N9NY5" time="0.045">
  <properties/>
  <testcase name="testDiscountOnReturnJourney()" classname="com.geektrust.backend.Utils.DiscountCalculatorTest" time="0.043"/>
  <testcase name="testDiscountIfNoReturnJourney()" classname="com.geektrust.backend.Utils.DiscountCalculatorTest" time="0.002"/>
  <system-out><![CDATA[]]></system-out>
  <system-err><![CDATA[]]></system-err>
</testsuite>
