<?xml version="1.0" encoding="UTF-8"?>
<testsuite name="com.geektrust.backend.Commands.BalanceCommandTest" tests="1" skipped="0" failures="0" errors="0" timestamp="2023-04-28T18:30:54" hostname="IN-PF2N9NY5" time="1.252">
  <properties/>
  <testcase name="testBalanceCommand()" classname="com.geektrust.backend.Commands.BalanceCommandTest" time="1.252"/>
  <system-out><![CDATA[]]></system-out>
  <system-err><![CDATA[]]></system-err>
</testsuite>
