<?xml version="1.0" encoding="UTF-8"?>
<testsuite name="com.geektrust.backend.Commands.PrintSummaryCommandTest" tests="1" skipped="0" failures="0" errors="0" timestamp="2023-04-28T18:30:56" hostname="IN-PF2N9NY5" time="0.017">
  <properties/>
  <testcase name="testPrintSummaryCommandTest()" classname="com.geektrust.backend.Commands.PrintSummaryCommandTest" time="0.017"/>
  <system-out><![CDATA[]]></system-out>
  <system-err><![CDATA[]]></system-err>
</testsuite>
