<?xml version="1.0" encoding="UTF-8"?>
<testsuite name="com.geektrust.backend.Utils.RechargeProcessorTest" tests="1" skipped="0" failures="0" errors="0" timestamp="2023-04-28T18:30:57" hostname="IN-PF2N9NY5" time="0.004">
  <properties/>
  <testcase name="testRechargeProcessor()" classname="com.geektrust.backend.Utils.RechargeProcessorTest" time="0.004"/>
  <system-out><![CDATA[]]></system-out>
  <system-err><![CDATA[]]></system-err>
</testsuite>
